<?xml version="1.0" encoding="UTF-8"?>
<!-- Generated by org.testng.reporters.JUnitReportReporter -->
<testsuite hostname="DESKTOP-N97TRSU" failures="0" tests="1" name="com.hrms.textscript.TC_002" time="7.569" errors="0" timestamp="17 Apr 2023 12:52:58 GMT">
  <testcase classname="com.hrms.textscript.TC_002" name="tc002" time="7.569"/>
</testsuite> <!-- com.hrms.textscript.TC_002 -->
