<?xml version="1.0" encoding="UTF-8"?>
<!-- Generated by org.testng.reporters.JUnitReportReporter -->
<testsuite hostname="DESKTOP-N97TRSU" failures="0" tests="1" name="com.hrms.textscript.TC_001" time="4.284" errors="0" timestamp="17 Apr 2023 12:52:13 GMT">
  <testcase classname="com.hrms.textscript.TC_001" name="tc001" time="4.284"/>
</testsuite> <!-- com.hrms.textscript.TC_001 -->
